<?xml version="1.0" encoding="UTF-8"?>
<!-- Generated by org.testng.reporters.JUnitReportReporter -->
<testsuite hostname="DESKTOP-IV0LMSR" failures="0" tests="1" name="TestNg.EmpireHome" time="18.580" errors="0" timestamp="2023-09-13T14:33:09 IST" skipped="0">
  <testcase classname="TestNg.EmpireHome" name="AddProduct" time="18.580"/>
</testsuite> <!-- TestNg.EmpireHome -->
