<?xml version="1.0" encoding="UTF-8"?>
<!-- Generated by org.testng.reporters.JUnitReportReporter -->
<testsuite hostname="DESKTOP-IV0LMSR" failures="0" tests="1" name="TestNg.Demo1" time="0.011" errors="0" timestamp="2023-08-31T10:08:39 IST" skipped="0">
  <testcase classname="TestNg.Demo1" name="abc" time="0.011"/>
</testsuite> <!-- TestNg.Demo1 -->
